<?xml version="1.0" encoding="UTF-8"?>
<!-- Generated by org.testng.reporters.JUnitXMLReporter -->
<testsuite hostname="MCZ116" ignored="0" name="AutomationJUnitPOM" tests="4" failures="0" timestamp="23 paź 2020 16:18:35 GMT" time="23.114" errors="0">
  <testcase name="correctLogin" time="1.582" classname="test.Test01"/>
  <testcase name="incorrectSearch" time="2.06" classname="test.Test01"/>
  <testcase name="VisibilityOfSections" time="3.154" classname="test.Test01"/>
  <testcase name="CorrectLogout" time="3.989" classname="test.Test01"/>
</testsuite> <!-- AutomationJUnitPOM -->
