<?xml version="1.0" encoding="UTF-8"?>
<testng-results skipped="0" failed="0" ignored="0" total="4" passed="4">
  <reporter-output>
  </reporter-output>
  <suite name="Default Suite" duration-ms="23114" started-at="2020-10-23T16:18:11Z" finished-at="2020-10-23T16:18:35Z">
    <groups>
    </groups>
    <test name="AutomationJUnitPOM" duration-ms="23114" started-at="2020-10-23T16:18:11Z" finished-at="2020-10-23T16:18:35Z">
      <class name="test.Test01">
        <test-method status="PASS" signature="setup()[pri:0, instance:test.Test01@2c8d66b2]" name="setup" is-config="true" duration-ms="12312" started-at="2020-10-23T16:18:11Z" finished-at="2020-10-23T16:18:24Z">
          <reporter-output>
          </reporter-output>
        </test-method> <!-- setup -->
        <test-method status="PASS" signature="correctLogin()[pri:0, instance:test.Test01@2c8d66b2]" name="correctLogin" duration-ms="1582" started-at="2020-10-23T16:18:24Z" finished-at="2020-10-23T16:18:25Z">
          <reporter-output>
          </reporter-output>
        </test-method> <!-- correctLogin -->
        <test-method status="PASS" signature="incorrectSearch()[pri:1, instance:test.Test01@2c8d66b2]" name="incorrectSearch" duration-ms="2060" started-at="2020-10-23T16:18:25Z" finished-at="2020-10-23T16:18:27Z">
          <reporter-output>
          </reporter-output>
        </test-method> <!-- incorrectSearch -->
        <test-method status="PASS" signature="VisibilityOfSections()[pri:2, instance:test.Test01@2c8d66b2]" name="VisibilityOfSections" duration-ms="3154" started-at="2020-10-23T16:18:27Z" finished-at="2020-10-23T16:18:31Z">
          <reporter-output>
          </reporter-output>
        </test-method> <!-- VisibilityOfSections -->
        <test-method status="PASS" signature="CorrectLogout()[pri:3, instance:test.Test01@2c8d66b2]" name="CorrectLogout" duration-ms="3989" started-at="2020-10-23T16:18:31Z" finished-at="2020-10-23T16:18:35Z">
          <reporter-output>
          </reporter-output>
        </test-method> <!-- CorrectLogout -->
      </class> <!-- test.Test01 -->
    </test> <!-- AutomationJUnitPOM -->
  </suite> <!-- Default Suite -->
</testng-results>
